2:35:52 PM  [main] 	Initializing Control Panel
2:35:52 PM  [main] 	Windows Version:  Home  64-bit
2:35:52 PM  [main] 	XAMPP Version: 8.2.12
2:35:52 PM  [main] 	Control Panel Version: 3.3.0  [ Compiled: Apr 6th 2021 ]
2:35:52 PM  [main] 	You are not running with administrator rights! This will work for
2:35:52 PM  [main] 	most application stuff but whenever you do something with services
2:35:52 PM  [main] 	there will be a security dialogue or things will break! So think 
2:35:52 PM  [main] 	about running this application with administrator rights!
2:35:52 PM  [main] 	XAMPP Installation Directory: "c:\xampp\"
2:35:52 PM  [main] 	Checking for prerequisites
2:35:53 PM  [main] 	All prerequisites found
2:35:53 PM  [main] 	Initializing Modules
2:35:53 PM  [main] 	Starting Check-Timer
2:35:53 PM  [main] 	Control Panel Ready
2:38:49 PM  [main] 	Deinitializing Modules
2:38:49 PM  [main] 	Deinitializing Control Panel

6:17:52 PM  [main] 	Initializing Control Panel
6:17:52 PM  [main] 	Windows Version:  Home  64-bit
6:17:52 PM  [main] 	XAMPP Version: 8.2.12
6:17:52 PM  [main] 	Control Panel Version: 3.3.0  [ Compiled: Apr 6th 2021 ]
6:17:52 PM  [main] 	You are not running with administrator rights! This will work for
6:17:52 PM  [main] 	most application stuff but whenever you do something with services
6:17:52 PM  [main] 	there will be a security dialogue or things will break! So think 
6:17:52 PM  [main] 	about running this application with administrator rights!
6:17:52 PM  [main] 	XAMPP Installation Directory: "c:\xampp\"
6:17:52 PM  [main] 	Checking for prerequisites
6:17:54 PM  [main] 	All prerequisites found
6:17:54 PM  [main] 	Initializing Modules
6:17:54 PM  [main] 	Starting Check-Timer
6:17:54 PM  [main] 	Control Panel Ready
6:18:06 PM  [Apache] 	Attempting to start Apache app...
6:18:07 PM  [Apache] 	Status change detected: running
6:18:15 PM  [mysql] 	Attempting to start MySQL app...
6:18:19 PM  [mysql] 	Status change detected: running
7:56:03 PM  [main] 	Deinitializing Modules
7:56:03 PM  [main] 	Deinitializing Control Panel

